This is pdfTeX, Version 3.14159265-2.6-1.40.19 (MiKTeX 2.9.6880 64-bit) (preloaded format=pdflatex 2018.11.28)  2 JAN 2019 17:43
entering extended mode
**./main.tex
(main.tex
LaTeX2e <2018-04-01> patch level 5
("C:\Program Files\MiKTeX 2.9\tex\latex\base\article.cls"
Document Class: article 2014/09/29 v1.4h Standard LaTeX document class
("C:\Program Files\MiKTeX 2.9\tex\latex\base\size12.clo"
File: size12.clo 2014/09/29 v1.4h Standard LaTeX file (size option)
)
\c@part=\count80
\c@section=\count81
\c@subsection=\count82
\c@subsubsection=\count83
\c@paragraph=\count84
\c@subparagraph=\count85
\c@figure=\count86
\c@table=\count87
\abovecaptionskip=\skip41
\belowcaptionskip=\skip42
\bibindent=\dimen102
)
("C:\Program Files\MiKTeX 2.9\tex\latex\base\fontenc.sty"
Package: fontenc 2017/04/05 v2.0i Standard LaTeX package

("C:\Program Files\MiKTeX 2.9\tex\latex\cyrillic\t2aenc.def"
File: t2aenc.def 2005/09/27 v1.0i Cyrillic encoding definition file
Now handling font encoding T2A ...
... processing UTF-8 mapping file for font encoding T2A

("C:\Program Files\MiKTeX 2.9\tex\latex\base\t2aenc.dfu"
File: t2aenc.dfu 2018/04/05 v1.2c UTF-8 support for inputenc
   defining Unicode char U+00A4 (decimal 164)
   defining Unicode char U+00A7 (decimal 167)
   defining Unicode char U+00AB (decimal 171)
   defining Unicode char U+00BB (decimal 187)
   defining Unicode char U+0131 (decimal 305)
   defining Unicode char U+0400 (decimal 1024)
   defining Unicode char U+0401 (decimal 1025)
   defining Unicode char U+0402 (decimal 1026)
   defining Unicode char U+0403 (decimal 1027)
   defining Unicode char U+0404 (decimal 1028)
   defining Unicode char U+0405 (decimal 1029)
   defining Unicode char U+0406 (decimal 1030)
   defining Unicode char U+0407 (decimal 1031)
   defining Unicode char U+0408 (decimal 1032)
   defining Unicode char U+0409 (decimal 1033)
   defining Unicode char U+040A (decimal 1034)
   defining Unicode char U+040B (decimal 1035)
   defining Unicode char U+040C (decimal 1036)
   defining Unicode char U+040D (decimal 1037)
   defining Unicode char U+040E (decimal 1038)
   defining Unicode char U+040F (decimal 1039)
   defining Unicode char U+0410 (decimal 1040)
   defining Unicode char U+0411 (decimal 1041)
   defining Unicode char U+0412 (decimal 1042)
   defining Unicode char U+0413 (decimal 1043)
   defining Unicode char U+0414 (decimal 1044)
   defining Unicode char U+0415 (decimal 1045)
   defining Unicode char U+0416 (decimal 1046)
   defining Unicode char U+0417 (decimal 1047)
   defining Unicode char U+0418 (decimal 1048)
   defining Unicode char U+0419 (decimal 1049)
   defining Unicode char U+041A (decimal 1050)
   defining Unicode char U+041B (decimal 1051)
   defining Unicode char U+041C (decimal 1052)
   defining Unicode char U+041D (decimal 1053)
   defining Unicode char U+041E (decimal 1054)
   defining Unicode char U+041F (decimal 1055)
   defining Unicode char U+0420 (decimal 1056)
   defining Unicode char U+0421 (decimal 1057)
   defining Unicode char U+0422 (decimal 1058)
   defining Unicode char U+0423 (decimal 1059)
   defining Unicode char U+0424 (decimal 1060)
   defining Unicode char U+0425 (decimal 1061)
   defining Unicode char U+0426 (decimal 1062)
   defining Unicode char U+0427 (decimal 1063)
   defining Unicode char U+0428 (decimal 1064)
   defining Unicode char U+0429 (decimal 1065)
   defining Unicode char U+042A (decimal 1066)
   defining Unicode char U+042B (decimal 1067)
   defining Unicode char U+042C (decimal 1068)
   defining Unicode char U+042D (decimal 1069)
   defining Unicode char U+042E (decimal 1070)
   defining Unicode char U+042F (decimal 1071)
   defining Unicode char U+0430 (decimal 1072)
   defining Unicode char U+0431 (decimal 1073)
   defining Unicode char U+0432 (decimal 1074)
   defining Unicode char U+0433 (decimal 1075)
   defining Unicode char U+0434 (decimal 1076)
   defining Unicode char U+0435 (decimal 1077)
   defining Unicode char U+0436 (decimal 1078)
   defining Unicode char U+0437 (decimal 1079)
   defining Unicode char U+0438 (decimal 1080)
   defining Unicode char U+0439 (decimal 1081)
   defining Unicode char U+043A (decimal 1082)
   defining Unicode char U+043B (decimal 1083)
   defining Unicode char U+043C (decimal 1084)
   defining Unicode char U+043D (decimal 1085)
   defining Unicode char U+043E (decimal 1086)
   defining Unicode char U+043F (decimal 1087)
   defining Unicode char U+0440 (decimal 1088)
   defining Unicode char U+0441 (decimal 1089)
   defining Unicode char U+0442 (decimal 1090)
   defining Unicode char U+0443 (decimal 1091)
   defining Unicode char U+0444 (decimal 1092)
   defining Unicode char U+0445 (decimal 1093)
   defining Unicode char U+0446 (decimal 1094)
   defining Unicode char U+0447 (decimal 1095)
   defining Unicode char U+0448 (decimal 1096)
   defining Unicode char U+0449 (decimal 1097)
   defining Unicode char U+044A (decimal 1098)
   defining Unicode char U+044B (decimal 1099)
   defining Unicode char U+044C (decimal 1100)
   defining Unicode char U+044D (decimal 1101)
   defining Unicode char U+044E (decimal 1102)
   defining Unicode char U+044F (decimal 1103)
   defining Unicode char U+0450 (decimal 1104)
   defining Unicode char U+0451 (decimal 1105)
   defining Unicode char U+0452 (decimal 1106)
   defining Unicode char U+0453 (decimal 1107)
   defining Unicode char U+0454 (decimal 1108)
   defining Unicode char U+0455 (decimal 1109)
   defining Unicode char U+0456 (decimal 1110)
   defining Unicode char U+0457 (decimal 1111)
   defining Unicode char U+0458 (decimal 1112)
   defining Unicode char U+0459 (decimal 1113)
   defining Unicode char U+045A (decimal 1114)
   defining Unicode char U+045B (decimal 1115)
   defining Unicode char U+045C (decimal 1116)
   defining Unicode char U+045D (decimal 1117)
   defining Unicode char U+045E (decimal 1118)
   defining Unicode char U+045F (decimal 1119)
   defining Unicode char U+0490 (decimal 1168)
   defining Unicode char U+0491 (decimal 1169)
   defining Unicode char U+0492 (decimal 1170)
   defining Unicode char U+0493 (decimal 1171)
   defining Unicode char U+0496 (decimal 1174)
   defining Unicode char U+0497 (decimal 1175)
   defining Unicode char U+0498 (decimal 1176)
   defining Unicode char U+0499 (decimal 1177)
   defining Unicode char U+049A (decimal 1178)
   defining Unicode char U+049B (decimal 1179)
   defining Unicode char U+049C (decimal 1180)
   defining Unicode char U+049D (decimal 1181)
   defining Unicode char U+04A0 (decimal 1184)
   defining Unicode char U+04A1 (decimal 1185)
   defining Unicode char U+04A2 (decimal 1186)
   defining Unicode char U+04A3 (decimal 1187)
   defining Unicode char U+04A4 (decimal 1188)
   defining Unicode char U+04A5 (decimal 1189)
   defining Unicode char U+04AA (decimal 1194)
   defining Unicode char U+04AB (decimal 1195)
   defining Unicode char U+04AE (decimal 1198)
   defining Unicode char U+04AF (decimal 1199)
   defining Unicode char U+04B0 (decimal 1200)
   defining Unicode char U+04B1 (decimal 1201)
   defining Unicode char U+04B2 (decimal 1202)
   defining Unicode char U+04B3 (decimal 1203)
   defining Unicode char U+04B6 (decimal 1206)
   defining Unicode char U+04B7 (decimal 1207)
   defining Unicode char U+04B8 (decimal 1208)
   defining Unicode char U+04B9 (decimal 1209)
   defining Unicode char U+04BA (decimal 1210)
   defining Unicode char U+04BB (decimal 1211)
   defining Unicode char U+04C0 (decimal 1216)
   defining Unicode char U+04C1 (decimal 1217)
   defining Unicode char U+04C2 (decimal 1218)
   defining Unicode char U+04D0 (decimal 1232)
   defining Unicode char U+04D1 (decimal 1233)
   defining Unicode char U+04D2 (decimal 1234)
   defining Unicode char U+04D3 (decimal 1235)
   defining Unicode char U+04D4 (decimal 1236)
   defining Unicode char U+04D5 (decimal 1237)
   defining Unicode char U+04D6 (decimal 1238)
   defining Unicode char U+04D7 (decimal 1239)
   defining Unicode char U+04D8 (decimal 1240)
   defining Unicode char U+04D9 (decimal 1241)
   defining Unicode char U+04DA (decimal 1242)
   defining Unicode char U+04DB (decimal 1243)
   defining Unicode char U+04DC (decimal 1244)
   defining Unicode char U+04DD (decimal 1245)
   defining Unicode char U+04DE (decimal 1246)
   defining Unicode char U+04DF (decimal 1247)
   defining Unicode char U+04E2 (decimal 1250)
   defining Unicode char U+04E3 (decimal 1251)
   defining Unicode char U+04E4 (decimal 1252)
   defining Unicode char U+04E5 (decimal 1253)
   defining Unicode char U+04E6 (decimal 1254)
   defining Unicode char U+04E7 (decimal 1255)
   defining Unicode char U+04E8 (decimal 1256)
   defining Unicode char U+04E9 (decimal 1257)
   defining Unicode char U+04EC (decimal 1260)
   defining Unicode char U+04ED (decimal 1261)
   defining Unicode char U+04EE (decimal 1262)
   defining Unicode char U+04EF (decimal 1263)
   defining Unicode char U+04F0 (decimal 1264)
   defining Unicode char U+04F1 (decimal 1265)
   defining Unicode char U+04F2 (decimal 1266)
   defining Unicode char U+04F3 (decimal 1267)
   defining Unicode char U+04F4 (decimal 1268)
   defining Unicode char U+04F5 (decimal 1269)
   defining Unicode char U+04F8 (decimal 1272)
   defining Unicode char U+04F9 (decimal 1273)
   defining Unicode char U+200C (decimal 8204)
   defining Unicode char U+2013 (decimal 8211)
   defining Unicode char U+2014 (decimal 8212)
   defining Unicode char U+2018 (decimal 8216)
   defining Unicode char U+2019 (decimal 8217)
   defining Unicode char U+201C (decimal 8220)
   defining Unicode char U+201D (decimal 8221)
   defining Unicode char U+201E (decimal 8222)
   defining Unicode char U+2030 (decimal 8240)
   defining Unicode char U+2031 (decimal 8241)
   defining Unicode char U+2116 (decimal 8470)
   defining Unicode char U+2329 (decimal 9001)
   defining Unicode char U+232A (decimal 9002)
   defining Unicode char U+2423 (decimal 9251)
))
("C:\Program Files\MiKTeX 2.9\tex\latex\base\t1enc.def"
File: t1enc.def 2017/04/05 v2.0i Standard LaTeX file
LaTeX Font Info:    Redeclaring font encoding T1 on input line 48.
))
("C:\Program Files\MiKTeX 2.9\tex\latex\base\inputenc.sty"
Package: inputenc 2018/04/06 v1.3b Input encoding file
\inpenc@prehook=\toks14
\inpenc@posthook=\toks15
)
("C:\Program Files\MiKTeX 2.9\tex\generic\babel\babel.sty"
Package: babel 2018/10/16 3.26 The Babel package

("C:\Program Files\MiKTeX 2.9\tex\generic\babel\switch.def"
File: switch.def 2018/10/16 3.26 Babel switching mechanism
)
*************************************
* Local config file bblopts.cfg used
*

(C:\Users\NikitaSkybytskyi\AppData\Roaming\MiKTeX\2.9\tex\latex\arabi\bblopts.c
fg
File: bblopts.cfg 2005/09/08 v0.1 add Arabic and Farsi to "declared" options of
 babel
) ("C:\Program Files\MiKTeX 2.9\tex\latex\babel-english\english.ldf"
Language: english 2017/06/06 v3.3r English support from the babel system

("C:\Program Files\MiKTeX 2.9\tex\generic\babel\babel.def"
File: babel.def 2018/10/16 3.26 Babel common definitions
\babel@savecnt=\count88
\U@D=\dimen103

("C:\Program Files\MiKTeX 2.9\tex\generic\babel\txtbabel.def")
\bbl@dirlevel=\count89
)
\l@canadian = a dialect from \language\l@american 
\l@australian = a dialect from \language\l@british 
\l@newzealand = a dialect from \language\l@british 
)
(C:\Users\NikitaSkybytskyi\AppData\Roaming\MiKTeX\2.9\tex\latex\babel-ukrainian
\ukraineb.ldf
Language: ukraineb 2018/04/11 1.4c Ukrainian support for the Babel system
Package babel Info: Making " an active character on input line 118.
Package babel Info: Default for \cyrdash is provided on input line 161.
)) ("C:\Program Files\MiKTeX 2.9\tex\latex\amsmath\amsmath.sty"
Package: amsmath 2017/09/02 v2.17a AMS math features
\@mathmargin=\skip43

For additional information on amsmath, use the `?' option.
("C:\Program Files\MiKTeX 2.9\tex\latex\amsmath\amstext.sty"
Package: amstext 2000/06/29 v2.01 AMS text

("C:\Program Files\MiKTeX 2.9\tex\latex\amsmath\amsgen.sty"
File: amsgen.sty 1999/11/30 v2.0 generic functions
\@emptytoks=\toks16
\ex@=\dimen104
))
("C:\Program Files\MiKTeX 2.9\tex\latex\amsmath\amsbsy.sty"
Package: amsbsy 1999/11/29 v1.2d Bold Symbols
\pmbraise@=\dimen105
)
("C:\Program Files\MiKTeX 2.9\tex\latex\amsmath\amsopn.sty"
Package: amsopn 2016/03/08 v2.02 operator names
)
\inf@bad=\count90
LaTeX Info: Redefining \frac on input line 213.
\uproot@=\count91
\leftroot@=\count92
LaTeX Info: Redefining \overline on input line 375.
\classnum@=\count93
\DOTSCASE@=\count94
LaTeX Info: Redefining \ldots on input line 472.
LaTeX Info: Redefining \dots on input line 475.
LaTeX Info: Redefining \cdots on input line 596.
\Mathstrutbox@=\box26
\strutbox@=\box27
\big@size=\dimen106
LaTeX Font Info:    Redeclaring font encoding OML on input line 712.
LaTeX Font Info:    Redeclaring font encoding OMS on input line 713.
\macc@depth=\count95
\c@MaxMatrixCols=\count96
\dotsspace@=\muskip10
\c@parentequation=\count97
\dspbrk@lvl=\count98
\tag@help=\toks17
\row@=\count99
\column@=\count100
\maxfields@=\count101
\andhelp@=\toks18
\eqnshift@=\dimen107
\alignsep@=\dimen108
\tagshift@=\dimen109
\tagwidth@=\dimen110
\totwidth@=\dimen111
\lineht@=\dimen112
\@envbody=\toks19
\multlinegap=\skip44
\multlinetaggap=\skip45
\mathdisplay@stack=\toks20
LaTeX Info: Redefining \[ on input line 2817.
LaTeX Info: Redefining \] on input line 2818.
)
("C:\Program Files\MiKTeX 2.9\tex\latex\amsfonts\amssymb.sty"
Package: amssymb 2013/01/14 v3.01 AMS font symbols

("C:\Program Files\MiKTeX 2.9\tex\latex\amsfonts\amsfonts.sty"
Package: amsfonts 2013/01/14 v3.01 Basic AMSFonts support
\symAMSa=\mathgroup4
\symAMSb=\mathgroup5
LaTeX Font Info:    Overwriting math alphabet `\mathfrak' in version `bold'
(Font)                  U/euf/m/n --> U/euf/b/n on input line 106.
))
("C:\Program Files\MiKTeX 2.9\tex\latex\float\float.sty"
Package: float 2001/11/08 v1.3d Float enhancements (AL)
\c@float@type=\count102
\float@exts=\toks21
\float@box=\box28
\@float@everytoks=\toks22
\@floatcapt=\box29
)
("C:\Program Files\MiKTeX 2.9\tex\latex\multirow\multirow.sty"
Package: multirow 2018/08/03 v2.3 Span multiple rows of a table
\multirow@colwidth=\skip46
\multirow@cntb=\count103
\multirow@dima=\skip47
\bigstrutjot=\dimen113
)
("C:\Program Files\MiKTeX 2.9\tex\latex\tools\multicol.sty"
Package: multicol 2018/04/20 v1.8s multicolumn formatting (FMi)
\c@tracingmulticols=\count104
\mult@box=\box30
\multicol@leftmargin=\dimen114
\c@unbalance=\count105
\c@collectmore=\count106
\doublecol@number=\count107
\multicoltolerance=\count108
\multicolpretolerance=\count109
\full@width=\dimen115
\page@free=\dimen116
\premulticols=\dimen117
\postmulticols=\dimen118
\multicolsep=\skip48
\multicolbaselineskip=\skip49
\partial@page=\box31
\last@line=\box32
\maxbalancingoverflow=\dimen119
\mult@rightbox=\box33
\mult@grightbox=\box34
\mult@gfirstbox=\box35
\mult@firstbox=\box36
\@tempa=\box37
\@tempa=\box38
\@tempa=\box39
\@tempa=\box40
\@tempa=\box41
\@tempa=\box42
\@tempa=\box43
\@tempa=\box44
\@tempa=\box45
\@tempa=\box46
\@tempa=\box47
\@tempa=\box48
\@tempa=\box49
\@tempa=\box50
\@tempa=\box51
\@tempa=\box52
\@tempa=\box53
\c@columnbadness=\count110
\c@finalcolumnbadness=\count111
\last@try=\dimen120
\multicolovershoot=\dimen121
\multicolundershoot=\dimen122
\mult@nat@firstbox=\box54
\colbreak@box=\box55
\mc@col@check@num=\count112
)
(C:\Users\NikitaSkybytskyi\AppData\Roaming\MiKTeX\2.9\tex\latex\xcolor\xcolor.s
ty
Package: xcolor 2016/05/11 v2.12 LaTeX color extensions (UK)
 ("C:\Program Files\MiKTeX 2.9\tex\latex\graphics-cfg\color.cfg"
File: color.cfg 2016/01/02 v1.6 sample color configuration
)
Package xcolor Info: Driver file: pdftex.def on input line 225.

("C:\Program Files\MiKTeX 2.9\tex\latex\graphics-def\pdftex.def"
File: pdftex.def 2018/01/08 v1.0l Graphics/color driver for pdftex
)
Package xcolor Info: Model `cmy' substituted by `cmy0' on input line 1348.
Package xcolor Info: Model `hsb' substituted by `rgb' on input line 1352.
Package xcolor Info: Model `RGB' extended on input line 1364.
Package xcolor Info: Model `HTML' substituted by `rgb' on input line 1366.
Package xcolor Info: Model `Hsb' substituted by `hsb' on input line 1367.
Package xcolor Info: Model `tHsb' substituted by `hsb' on input line 1368.
Package xcolor Info: Model `HSB' substituted by `hsb' on input line 1369.
Package xcolor Info: Model `Gray' substituted by `gray' on input line 1370.
Package xcolor Info: Model `wave' substituted by `hsb' on input line 1371.
)
("C:\Program Files\MiKTeX 2.9\tex\latex\hyperref\hyperref.sty"
Package: hyperref 2018/09/30 v6.88a Hypertext links for LaTeX

("C:\Program Files\MiKTeX 2.9\tex\generic\oberdiek\hobsub-hyperref.sty"
Package: hobsub-hyperref 2016/05/16 v1.14 Bundle oberdiek, subset hyperref (HO)


("C:\Program Files\MiKTeX 2.9\tex\generic\oberdiek\hobsub-generic.sty"
Package: hobsub-generic 2016/05/16 v1.14 Bundle oberdiek, subset generic (HO)
Package: hobsub 2016/05/16 v1.14 Construct package bundles (HO)
Package: infwarerr 2016/05/16 v1.4 Providing info/warning/error messages (HO)
Package: ltxcmds 2016/05/16 v1.23 LaTeX kernel commands for general use (HO)
Package: ifluatex 2016/05/16 v1.4 Provides the ifluatex switch (HO)
Package ifluatex Info: LuaTeX not detected.
Package: ifvtex 2016/05/16 v1.6 Detect VTeX and its facilities (HO)
Package ifvtex Info: VTeX not detected.
Package: intcalc 2016/05/16 v1.2 Expandable calculations with integers (HO)
Package: ifpdf 2018/09/07 v3.3 Provides the ifpdf switch
Package: etexcmds 2016/05/16 v1.6 Avoid name clashes with e-TeX commands (HO)
Package: kvsetkeys 2016/05/16 v1.17 Key value parser (HO)
Package: kvdefinekeys 2016/05/16 v1.4 Define keys (HO)
Package: pdftexcmds 2018/09/10 v0.29 Utility functions of pdfTeX for LuaTeX (HO
)
Package pdftexcmds Info: LuaTeX not detected.
Package pdftexcmds Info: \pdf@primitive is available.
Package pdftexcmds Info: \pdf@ifprimitive is available.
Package pdftexcmds Info: \pdfdraftmode found.
Package: pdfescape 2016/05/16 v1.14 Implements pdfTeX's escape features (HO)
Package: bigintcalc 2016/05/16 v1.4 Expandable calculations on big integers (HO
)
Package: bitset 2016/05/16 v1.2 Handle bit-vector datatype (HO)
Package: uniquecounter 2016/05/16 v1.3 Provide unlimited unique counter (HO)
)
Package hobsub Info: Skipping package `hobsub' (already loaded).
Package: letltxmacro 2016/05/16 v1.5 Let assignment for LaTeX macros (HO)
Package: hopatch 2016/05/16 v1.3 Wrapper for package hooks (HO)
Package: xcolor-patch 2016/05/16 xcolor patch
Package: atveryend 2016/05/16 v1.9 Hooks at the very end of document (HO)
Package atveryend Info: \enddocument detected (standard20110627).
Package: atbegshi 2016/06/09 v1.18 At begin shipout hook (HO)
Package: refcount 2016/05/16 v3.5 Data extraction from label references (HO)
Package: hycolor 2016/05/16 v1.8 Color options for hyperref/bookmark (HO)
)
("C:\Program Files\MiKTeX 2.9\tex\latex\graphics\keyval.sty"
Package: keyval 2014/10/28 v1.15 key=value parser (DPC)
\KV@toks@=\toks23
)
("C:\Program Files\MiKTeX 2.9\tex\generic\ifxetex\ifxetex.sty"
Package: ifxetex 2010/09/12 v0.6 Provides ifxetex conditional
)
("C:\Program Files\MiKTeX 2.9\tex\latex\oberdiek\auxhook.sty"
Package: auxhook 2016/05/16 v1.4 Hooks for auxiliary files (HO)
)
("C:\Program Files\MiKTeX 2.9\tex\latex\oberdiek\kvoptions.sty"
Package: kvoptions 2016/05/16 v3.12 Key value format for package options (HO)
)
\@linkdim=\dimen123
\Hy@linkcounter=\count113
\Hy@pagecounter=\count114

("C:\Program Files\MiKTeX 2.9\tex\latex\hyperref\pd1enc.def"
File: pd1enc.def 2018/09/30 v6.88a Hyperref: PDFDocEncoding definition (HO)
Now handling font encoding PD1 ...
... no UTF-8 mapping file for font encoding PD1
)
\Hy@SavedSpaceFactor=\count115

("C:\Program Files\MiKTeX 2.9\tex\latex\00miktex\hyperref.cfg"
File: hyperref.cfg 2002/06/06 v1.2 hyperref configuration of TeXLive
)
Package hyperref Info: Hyper figures OFF on input line 4535.
Package hyperref Info: Link nesting OFF on input line 4540.
Package hyperref Info: Hyper index ON on input line 4543.
Package hyperref Info: Plain pages OFF on input line 4550.
Package hyperref Info: Backreferencing OFF on input line 4555.
Package hyperref Info: Implicit mode ON; LaTeX internals redefined.
Package hyperref Info: Bookmarks ON on input line 4788.
\c@Hy@tempcnt=\count116

(C:\Users\NikitaSkybytskyi\AppData\Roaming\MiKTeX\2.9\tex\latex\url\url.sty
\Urlmuskip=\muskip11
Package: url 2013/09/16  ver 3.4  Verb mode for urls, etc.
)
LaTeX Info: Redefining \url on input line 5141.
\XeTeXLinkMargin=\dimen124
\Fld@menulength=\count117
\Field@Width=\dimen125
\Fld@charsize=\dimen126
Package hyperref Info: Hyper figures OFF on input line 6396.
Package hyperref Info: Link nesting OFF on input line 6401.
Package hyperref Info: Hyper index ON on input line 6404.
Package hyperref Info: backreferencing OFF on input line 6411.
Package hyperref Info: Link coloring OFF on input line 6416.
Package hyperref Info: Link coloring with OCG OFF on input line 6421.
Package hyperref Info: PDF/A mode OFF on input line 6426.
LaTeX Info: Redefining \ref on input line 6466.
LaTeX Info: Redefining \pageref on input line 6470.
\Hy@abspage=\count118
\c@Item=\count119
\c@Hfootnote=\count120
)
Package hyperref Info: Driver (autodetected): hpdftex.

("C:\Program Files\MiKTeX 2.9\tex\latex\hyperref\hpdftex.def"
File: hpdftex.def 2018/09/30 v6.88a Hyperref driver for pdfTeX
\Fld@listcount=\count121
\c@bookmark@seq@number=\count122

("C:\Program Files\MiKTeX 2.9\tex\latex\oberdiek\rerunfilecheck.sty"
Package: rerunfilecheck 2016/05/16 v1.8 Rerun checks for auxiliary files (HO)
Package uniquecounter Info: New unique counter `rerunfilecheck' on input line 2
82.
)
\Hy@SectionHShift=\skip50
)
Package hyperref Info: Option `unicode' set `true' on input line 18.

("C:\Program Files\MiKTeX 2.9\tex\latex\hyperref\puenc.def"
File: puenc.def 2018/09/30 v6.88a Hyperref: PDF Unicode definition (HO)
Now handling font encoding PU ...
... no UTF-8 mapping file for font encoding PU
)
Package hyperref Info: Option `colorlinks' set `true' on input line 18.

("C:\Program Files\MiKTeX 2.9\tex\latex\amscls\amsthm.sty"
Package: amsthm 2017/10/31 v2.20.4
\thm@style=\toks24
\thm@bodyfont=\toks25
\thm@headfont=\toks26
\thm@notefont=\toks27
\thm@headpunct=\toks28
\thm@preskip=\skip51
\thm@postskip=\skip52
\thm@headsep=\skip53
\dth@everypar=\toks29
)
\c@theorem=\count123
\c@lemma=\count124
\c@example=\count125
\c@problem=\count126
 (main.aux
LaTeX Font Info:    Try loading font information for T2A+cmr on input line 20.

("C:\Program Files\MiKTeX 2.9\tex\latex\cyrillic\t2acmr.fd"
File: t2acmr.fd 2001/08/11 v1.0a Computer Modern Cyrillic font definitions
)

LaTeX Warning: Label `eq:1.4.17' multiply defined.

)
\openout1 = `main.aux'.

LaTeX Font Info:    Checking defaults for OML/cmm/m/it on input line 32.
LaTeX Font Info:    ... okay on input line 32.
LaTeX Font Info:    Checking defaults for T1/cmr/m/n on input line 32.
LaTeX Font Info:    ... okay on input line 32.
LaTeX Font Info:    Checking defaults for OT1/cmr/m/n on input line 32.
LaTeX Font Info:    ... okay on input line 32.
LaTeX Font Info:    Checking defaults for OMS/cmsy/m/n on input line 32.
LaTeX Font Info:    ... okay on input line 32.
LaTeX Font Info:    Checking defaults for OMX/cmex/m/n on input line 32.
LaTeX Font Info:    ... okay on input line 32.
LaTeX Font Info:    Checking defaults for U/cmr/m/n on input line 32.
LaTeX Font Info:    ... okay on input line 32.
LaTeX Font Info:    Checking defaults for T2A/cmr/m/n on input line 32.
LaTeX Font Info:    ... okay on input line 32.
LaTeX Font Info:    Checking defaults for PD1/pdf/m/n on input line 32.
LaTeX Font Info:    ... okay on input line 32.
LaTeX Font Info:    Checking defaults for PU/pdf/m/n on input line 32.
LaTeX Font Info:    ... okay on input line 32.

(C:\Users\NikitaSkybytskyi\AppData\Roaming\MiKTeX\2.9\tex\context\base\supp-pdf
.mkii
[Loading MPS to PDF converter (version 2006.09.02).]
\scratchcounter=\count127
\scratchdimen=\dimen127
\scratchbox=\box56
\nofMPsegments=\count128
\nofMParguments=\count129
\everyMPshowfont=\toks30
\MPscratchCnt=\count130
\MPscratchDim=\dimen128
\MPnumerator=\count131
\makeMPintoPDFobject=\count132
\everyMPtoPDFconversion=\toks31
)
\AtBeginShipoutBox=\box57
Package hyperref Info: Link coloring ON on input line 32.
 ("C:\Program Files\MiKTeX 2.9\tex\latex\hyperref\nameref.sty"
Package: nameref 2016/05/21 v2.44 Cross-referencing by name of section

("C:\Program Files\MiKTeX 2.9\tex\generic\oberdiek\gettitlestring.sty"
Package: gettitlestring 2016/05/16 v1.5 Cleanup title references (HO)
)
\c@section@level=\count133
)
LaTeX Info: Redefining \ref on input line 32.
LaTeX Info: Redefining \pageref on input line 32.
LaTeX Info: Redefining \nameref on input line 32.

(main.out) (main.out)
\@outlinefile=\write3
\openout3 = `main.out'.

LaTeX Font Info:    Try loading font information for U+msa on input line 34.
 ("C:\Program Files\MiKTeX 2.9\tex\latex\amsfonts\umsa.fd"
File: umsa.fd 2013/01/14 v3.01 AMS symbols A
)
LaTeX Font Info:    Try loading font information for U+msb on input line 34.
 ("C:\Program Files\MiKTeX 2.9\tex\latex\amsfonts\umsb.fd"
File: umsb.fd 2013/01/14 v3.01 AMS symbols B
) [1

{C:/Users/NikitaSkybytskyi/AppData/Local/MiKTeX/2.9/pdftex/config/pdftex.map}]
Underfull \hbox (badness 10000) in paragraph at lines 36--37

 []


Underfull \hbox (badness 10000) in paragraph at lines 38--39

 []

[2] (main.toc)
\tf@toc=\write4
\openout4 = `main.toc'.

 [3] (introduction.tex) (section-1.tex [4]pdfTeX warning (ext4): destination wi
th the same identifier (name{equation.1.1}) has been already used, duplicate ig
nored
<to be read again> 
                   \relax 
l.14 \begin{equation}
                     pdfTeX warning (ext4): destination with the same identifie
r (name{equation.1.1}) has been already used, duplicate ignored
<to be read again> 
                   \relax 
l.14 \begin{equation}
                     pdfTeX warning (ext4): destination with the same identifie
r (name{equation.1.1}) has been already used, duplicate ignored
<to be read again> 
                   \relax 
l.14 \begin{equation}
                     pdfTeX warning (ext4): destination with the same identifie
r (name{equation.1.1}) has been already used, duplicate ignored
<to be read again> 
                   \relax 
l.14 \begin{equation}
                     
Underfull \hbox (badness 10000) in paragraph at lines 47--48

 []

[5]) (subsubsection-1-1-2.tex
Underfull \hbox (badness 10000) in paragraph at lines 5--7

 []


Underfull \hbox (badness 10000) in paragraph at lines 8--9

 []

) (subsubsection-1-1-3.tex [6] [7] [8]) (subsection-1-2.texpdfTeX warning (ext4
): destination with the same identifier (name{equation.1.1}) has been already u
sed, duplicate ignored
<to be read again> 
                   \relax 
l.3 \begin{equation}
                    pdfTeX warning (ext4): destination with the same identifier
 (name{equation.1.1}) has been already used, duplicate ignored
<to be read again> 
                   \relax 
l.3 \begin{equation}
                    pdfTeX warning (ext4): destination with the same identifier
 (name{equation.1.1}) has been already used, duplicate ignored
<to be read again> 
                   \relax 
l.3 \begin{equation}
                    pdfTeX warning (ext4): destination with the same identifier
 (name{equation.1.1}) has been already used, duplicate ignored
<to be read again> 
                   \relax 
l.3 \begin{equation}
                    pdfTeX warning (ext4): destination with the same identifier
 (name{equation.1.2}) has been already used, duplicate ignored
<to be read again> 
                   \relax 
l.9 \begin{equation}
                    pdfTeX warning (ext4): destination with the same identifier
 (name{equation.1.2}) has been already used, duplicate ignored
<to be read again> 
                   \relax 
l.9 \begin{equation}
                    pdfTeX warning (ext4): destination with the same identifier
 (name{equation.1.2}) has been already used, duplicate ignored
<to be read again> 
                   \relax 
l.9 \begin{equation}
                    pdfTeX warning (ext4): destination with the same identifier
 (name{equation.1.2}) has been already used, duplicate ignored
<to be read again> 
                   \relax 
l.9 \begin{equation}
                    pdfTeX warning (ext4): destination with the same identifier
 (name{equation.1.3}) has been already used, duplicate ignored
<to be read again> 
                   \relax 
l.15 \begin{equation}
                     pdfTeX warning (ext4): destination with the same identifie
r (name{equation.1.3}) has been already used, duplicate ignored
<to be read again> 
                   \relax 
l.15 \begin{equation}
                     pdfTeX warning (ext4): destination with the same identifie
r (name{equation.1.3}) has been already used, duplicate ignored
<to be read again> 
                   \relax 
l.15 \begin{equation}
                     pdfTeX warning (ext4): destination with the same identifie
r (name{equation.1.3}) has been already used, duplicate ignored
<to be read again> 
                   \relax 
l.15 \begin{equation}
                     pdfTeX warning (ext4): destination with the same identifie
r (name{equation.1.4}) has been already used, duplicate ignored
<to be read again> 
                   \relax 
l.20 \begin{equation}
                     pdfTeX warning (ext4): destination with the same identifie
r (name{equation.1.4}) has been already used, duplicate ignored
<to be read again> 
                   \relax 
l.20 \begin{equation}
                     pdfTeX warning (ext4): destination with the same identifie
r (name{equation.1.4}) has been already used, duplicate ignored
<to be read again> 
                   \relax 
l.20 \begin{equation}
                     pdfTeX warning (ext4): destination with the same identifie
r (name{equation.1.4}) has been already used, duplicate ignored
<to be read again> 
                   \relax 
l.20 \begin{equation}
                     pdfTeX warning (ext4): destination with the same identifie
r (name{equation.1.5}) has been already used, duplicate ignored
<to be read again> 
                   \relax 
l.26 \begin{equation}
                     pdfTeX warning (ext4): destination with the same identifie
r (name{equation.1.5}) has been already used, duplicate ignored
<to be read again> 
                   \relax 
l.26 \begin{equation}
                     pdfTeX warning (ext4): destination with the same identifie
r (name{equation.1.5}) has been already used, duplicate ignored
<to be read again> 
                   \relax 
l.26 \begin{equation}
                     pdfTeX warning (ext4): destination with the same identifie
r (name{equation.1.5}) has been already used, duplicate ignored
<to be read again> 
                   \relax 
l.26 \begin{equation}
                     pdfTeX warning (ext4): destination with the same identifie
r (name{equation.1.6}) has been already used, duplicate ignored
<to be read again> 
                   \relax 
l.31 \begin{equation}
                     pdfTeX warning (ext4): destination with the same identifie
r (name{equation.1.6}) has been already used, duplicate ignored
<to be read again> 
                   \relax 
l.31 \begin{equation}
                     pdfTeX warning (ext4): destination with the same identifie
r (name{equation.1.6}) has been already used, duplicate ignored
<to be read again> 
                   \relax 
l.31 \begin{equation}
                     pdfTeX warning (ext4): destination with the same identifie
r (name{equation.1.6}) has been already used, duplicate ignored
<to be read again> 
                   \relax 
l.31 \begin{equation}
                     pdfTeX warning (ext4): destination with the same identifie
r (name{equation.1.7}) has been already used, duplicate ignored
<to be read again> 
                   \relax 
l.36 \begin{equation}
                     pdfTeX warning (ext4): destination with the same identifie
r (name{equation.1.7}) has been already used, duplicate ignored
<to be read again> 
                   \relax 
l.36 \begin{equation}
                     pdfTeX warning (ext4): destination with the same identifie
r (name{equation.1.7}) has been already used, duplicate ignored
<to be read again> 
                   \relax 
l.36 \begin{equation}
                     pdfTeX warning (ext4): destination with the same identifie
r (name{equation.1.7}) has been already used, duplicate ignored
<to be read again> 
                   \relax 
l.36 \begin{equation}
                     pdfTeX warning (ext4): destination with the same identifie
r (name{equation.1.8}) has been already used, duplicate ignored
<to be read again> 
                   \relax 
l.46 \begin{equation}
                     pdfTeX warning (ext4): destination with the same identifie
r (name{equation.1.8}) has been already used, duplicate ignored
<to be read again> 
                   \relax 
l.46 \begin{equation}
                     pdfTeX warning (ext4): destination with the same identifie
r (name{equation.1.8}) has been already used, duplicate ignored
<to be read again> 
                   \relax 
l.46 \begin{equation}
                     pdfTeX warning (ext4): destination with the same identifie
r (name{equation.1.8}) has been already used, duplicate ignored
<to be read again> 
                   \relax 
l.46 \begin{equation}
                     pdfTeX warning (ext4): destination with the same identifie
r (name{equation.1.9}) has been already used, duplicate ignored
<to be read again> 
                   \relax 
l.54 	\begin{equation}
                      pdfTeX warning (ext4): destination with the same identifi
er (name{equation.1.9}) has been already used, duplicate ignored
<to be read again> 
                   \relax 
l.54 	\begin{equation}
                      pdfTeX warning (ext4): destination with the same identifi
er (name{equation.1.9}) has been already used, duplicate ignored
<to be read again> 
                   \relax 
l.54 	\begin{equation}
                      pdfTeX warning (ext4): destination with the same identifi
er (name{equation.1.9}) has been already used, duplicate ignored
<to be read again> 
                   \relax 
l.54 	\begin{equation}
                       [9]pdfTeX warning (ext4): destination with the same iden
tifier (name{equation.1.10}) has been already used, duplicate ignored
<to be read again> 
                   \relax 
l.60 	\begin{equation}
                      pdfTeX warning (ext4): destination with the same identifi
er (name{equation.1.10}) has been already used, duplicate ignored
<to be read again> 
                   \relax 
l.60 	\begin{equation}
                      pdfTeX warning (ext4): destination with the same identifi
er (name{equation.1.10}) has been already used, duplicate ignored
<to be read again> 
                   \relax 
l.60 	\begin{equation}
                      pdfTeX warning (ext4): destination with the same identifi
er (name{equation.1.10}) has been already used, duplicate ignored
<to be read again> 
                   \relax 
l.60 	\begin{equation}
                      pdfTeX warning (ext4): destination with the same identifi
er (name{equation.1.11}) has been already used, duplicate ignored
<to be read again> 
                   \relax 
l.74 	\end{multline}
                    pdfTeX warning (ext4): destination with the same identifier
 (name{equation.1.12}) has been already used, duplicate ignored
<to be read again> 
                   \relax 
l.77 	\begin{equation}
                      pdfTeX warning (ext4): destination with the same identifi
er (name{equation.1.12}) has been already used, duplicate ignored
<to be read again> 
                   \relax 
l.77 	\begin{equation}
                      pdfTeX warning (ext4): destination with the same identifi
er (name{equation.1.12}) has been already used, duplicate ignored
<to be read again> 
                   \relax 
l.77 	\begin{equation}
                      pdfTeX warning (ext4): destination with the same identifi
er (name{equation.1.12}) has been already used, duplicate ignored
<to be read again> 
                   \relax 
l.77 	\begin{equation}
                      
Underfull \hbox (badness 10000) in paragraph at lines 80--82

 []

pdfTeX warning (ext4): destination with the same identifier (name{equation.1.13
}) has been already used, duplicate ignored
<to be read again> 
                   \relax 
l.84 	\begin{equation}
                      pdfTeX warning (ext4): destination with the same identifi
er (name{equation.1.13}) has been already used, duplicate ignored
<to be read again> 
                   \relax 
l.84 	\begin{equation}
                      pdfTeX warning (ext4): destination with the same identifi
er (name{equation.1.13}) has been already used, duplicate ignored
<to be read again> 
                   \relax 
l.84 	\begin{equation}
                      pdfTeX warning (ext4): destination with the same identifi
er (name{equation.1.13}) has been already used, duplicate ignored
<to be read again> 
                   \relax 
l.84 	\begin{equation}
                      pdfTeX warning (ext4): destination with the same identifi
er (name{equation.1.14}) has been already used, duplicate ignored
<to be read again> 
                   \relax 
l.90 	\begin{equation}
                      pdfTeX warning (ext4): destination with the same identifi
er (name{equation.1.14}) has been already used, duplicate ignored
<to be read again> 
                   \relax 
l.90 	\begin{equation}
                      pdfTeX warning (ext4): destination with the same identifi
er (name{equation.1.14}) has been already used, duplicate ignored
<to be read again> 
                   \relax 
l.90 	\begin{equation}
                      pdfTeX warning (ext4): destination with the same identifi
er (name{equation.1.14}) has been already used, duplicate ignored
<to be read again> 
                   \relax 
l.90 	\begin{equation}
                      pdfTeX warning (ext4): destination with the same identifi
er (name{equation.1.15}) has been already used, duplicate ignored
<to be read again> 
                   \relax 
l.96 	\begin{equation}
                      pdfTeX warning (ext4): destination with the same identifi
er (name{equation.1.15}) has been already used, duplicate ignored
<to be read again> 
                   \relax 
l.96 	\begin{equation}
                      pdfTeX warning (ext4): destination with the same identifi
er (name{equation.1.15}) has been already used, duplicate ignored
<to be read again> 
                   \relax 
l.96 	\begin{equation}
                      pdfTeX warning (ext4): destination with the same identifi
er (name{equation.1.15}) has been already used, duplicate ignored
<to be read again> 
                   \relax 
l.96 	\begin{equation}
                      
Overfull \hbox (15.00957pt too wide) in paragraph at lines 101--102
[]\T2A/cmr/m/n/12 I за-галь-ний iн-те-грал ди-фе-рен-цi-аль-но-го рiв-ня-н-ня м
а№ ви-гляд $\OT1/cmr/m/n/12 (\OML/cmm/m/it/12 u; x[]\OT1/cmr/m/n/12 ) =
 []

pdfTeX warning (ext4): destination with the same identifier (name{equation.1.16
}) has been already used, duplicate ignored
<to be read again> 
                   \relax 
l.102 	\begin{equation}
                       pdfTeX warning (ext4): destination with the same identif
ier (name{equation.1.16}) has been already used, duplicate ignored
<to be read again> 
                   \relax 
l.102 	\begin{equation}
                       pdfTeX warning (ext4): destination with the same identif
ier (name{equation.1.16}) has been already used, duplicate ignored
<to be read again> 
                   \relax 
l.102 	\begin{equation}
                       pdfTeX warning (ext4): destination with the same identif
ier (name{equation.1.16}) has been already used, duplicate ignored
<to be read again> 
                   \relax 
l.102 	\begin{equation}
                        [10]pdfTeX warning (ext4): destination with the same id
entifier (name{equation.1.17}) has been already used, duplicate ignored
<to be read again> 
                   \relax 
l.108 	\begin{equation}
                       pdfTeX warning (ext4): destination with the same identif
ier (name{equation.1.17}) has been already used, duplicate ignored
<to be read again> 
                   \relax 
l.108 	\begin{equation}
                       pdfTeX warning (ext4): destination with the same identif
ier (name{equation.1.17}) has been already used, duplicate ignored
<to be read again> 
                   \relax 
l.108 	\begin{equation}
                       pdfTeX warning (ext4): destination with the same identif
ier (name{equation.1.17}) has been already used, duplicate ignored
<to be read again> 
                   \relax 
l.108 	\begin{equation}
                       pdfTeX warning (ext4): destination with the same identif
ier (name{equation.1.18}) has been already used, duplicate ignored
<to be read again> 
                   \relax 
l.113 	\begin{equation}
                       pdfTeX warning (ext4): destination with the same identif
ier (name{equation.1.18}) has been already used, duplicate ignored
<to be read again> 
                   \relax 
l.113 	\begin{equation}
                       pdfTeX warning (ext4): destination with the same identif
ier (name{equation.1.18}) has been already used, duplicate ignored
<to be read again> 
                   \relax 
l.113 	\begin{equation}
                       pdfTeX warning (ext4): destination with the same identif
ier (name{equation.1.18}) has been already used, duplicate ignored
<to be read again> 
                   \relax 
l.113 	\begin{equation}
                       
Underfull \hbox (badness 10000) in paragraph at lines 118--119

 []

pdfTeX warning (ext4): destination with the same identifier (name{equation.1.19
}) has been already used, duplicate ignored
<to be read again> 
                   \relax 
l.121 	\begin{equation}
                       pdfTeX warning (ext4): destination with the same identif
ier (name{equation.1.19}) has been already used, duplicate ignored
<to be read again> 
                   \relax 
l.121 	\begin{equation}
                       pdfTeX warning (ext4): destination with the same identif
ier (name{equation.1.19}) has been already used, duplicate ignored
<to be read again> 
                   \relax 
l.121 	\begin{equation}
                       pdfTeX warning (ext4): destination with the same identif
ier (name{equation.1.19}) has been already used, duplicate ignored
<to be read again> 
                   \relax 
l.121 	\begin{equation}
                       pdfTeX warning (ext4): destination with the same identif
ier (name{equation.1.20}) has been already used, duplicate ignored
<to be read again> 
                   \relax 
l.126 	\begin{equation}
                       pdfTeX warning (ext4): destination with the same identif
ier (name{equation.1.20}) has been already used, duplicate ignored
<to be read again> 
                   \relax 
l.126 	\begin{equation}
                       pdfTeX warning (ext4): destination with the same identif
ier (name{equation.1.20}) has been already used, duplicate ignored
<to be read again> 
                   \relax 
l.126 	\begin{equation}
                       pdfTeX warning (ext4): destination with the same identif
ier (name{equation.1.20}) has been already used, duplicate ignored
<to be read again> 
                   \relax 
l.126 	\begin{equation}
                       
Underfull \hbox (badness 10000) in paragraph at lines 151--152

 []

[11] [12]
Overfull \hbox (0.49821pt too wide) detected at line 220
[] []  \OT1/cmr/m/n/12 d\OML/cmm/m/it/12 x \OT1/cmr/m/n/12 + \OML/cmm/m/it/12 x
 [] [] []  \OT1/cmr/m/n/12 d\OML/cmm/m/it/12 y \OT1/cmr/m/n/12 = 0;
 []

[13]) (subsection-1-3.texpdfTeX warning (ext4): destination with the same ident
ifier (name{equation.1.1}) has been already used, duplicate ignored
<to be read again> 
                   \relax 
l.4 \begin{equation}
                    pdfTeX warning (ext4): destination with the same identifier
 (name{equation.1.1}) has been already used, duplicate ignored
<to be read again> 
                   \relax 
l.4 \begin{equation}
                    pdfTeX warning (ext4): destination with the same identifier
 (name{equation.1.1}) has been already used, duplicate ignored
<to be read again> 
                   \relax 
l.4 \begin{equation}
                    pdfTeX warning (ext4): destination with the same identifier
 (name{equation.1.1}) has been already used, duplicate ignored
<to be read again> 
                   \relax 
l.4 \begin{equation}
                    pdfTeX warning (ext4): destination with the same identifier
 (name{equation.1.2}) has been already used, duplicate ignored
<to be read again> 
                   \relax 
l.10 \begin{equation}
                     pdfTeX warning (ext4): destination with the same identifie
r (name{equation.1.2}) has been already used, duplicate ignored
<to be read again> 
                   \relax 
l.10 \begin{equation}
                     pdfTeX warning (ext4): destination with the same identifie
r (name{equation.1.2}) has been already used, duplicate ignored
<to be read again> 
                   \relax 
l.10 \begin{equation}
                     pdfTeX warning (ext4): destination with the same identifie
r (name{equation.1.2}) has been already used, duplicate ignored
<to be read again> 
                   \relax 
l.10 \begin{equation}
                      [14]
Underfull \hbox (badness 10000) in paragraph at lines 19--21

 []


Underfull \hbox (badness 10000) in paragraph at lines 22--23

 []

pdfTeX warning (ext4): destination with the same identifier (name{equation.1.3}
) has been already used, duplicate ignored
<to be read again> 
                   \relax 
l.29 \end{multline}
                   pdfTeX warning (ext4): destination with the same identifier 
(name{equation.1.4}) has been already used, duplicate ignored
<to be read again> 
                   \relax 
l.32 \begin{equation}
                     pdfTeX warning (ext4): destination with the same identifie
r (name{equation.1.4}) has been already used, duplicate ignored
<to be read again> 
                   \relax 
l.32 \begin{equation}
                     pdfTeX warning (ext4): destination with the same identifie
r (name{equation.1.4}) has been already used, duplicate ignored
<to be read again> 
                   \relax 
l.32 \begin{equation}
                     pdfTeX warning (ext4): destination with the same identifie
r (name{equation.1.4}) has been already used, duplicate ignored
<to be read again> 
                   \relax 
l.32 \begin{equation}
                     pdfTeX warning (ext4): destination with the same identifie
r (name{equation.1.5}) has been already used, duplicate ignored
<to be read again> 
                   \relax 
l.38 \begin{equation}
                     pdfTeX warning (ext4): destination with the same identifie
r (name{equation.1.5}) has been already used, duplicate ignored
<to be read again> 
                   \relax 
l.38 \begin{equation}
                     pdfTeX warning (ext4): destination with the same identifie
r (name{equation.1.5}) has been already used, duplicate ignored
<to be read again> 
                   \relax 
l.38 \begin{equation}
                     pdfTeX warning (ext4): destination with the same identifie
r (name{equation.1.5}) has been already used, duplicate ignored
<to be read again> 
                   \relax 
l.38 \begin{equation}
                     pdfTeX warning (ext4): destination with the same identifie
r (name{equation.1.6}) has been already used, duplicate ignored
<to be read again> 
                   \relax 
l.44 \begin{equation}
                     pdfTeX warning (ext4): destination with the same identifie
r (name{equation.1.6}) has been already used, duplicate ignored
<to be read again> 
                   \relax 
l.44 \begin{equation}
                     pdfTeX warning (ext4): destination with the same identifie
r (name{equation.1.6}) has been already used, duplicate ignored
<to be read again> 
                   \relax 
l.44 \begin{equation}
                     pdfTeX warning (ext4): destination with the same identifie
r (name{equation.1.6}) has been already used, duplicate ignored
<to be read again> 
                   \relax 
l.44 \begin{equation}
                      [15]pdfTeX warning (ext4): destination with the same iden
tifier (name{equation.1.7}) has been already used, duplicate ignored
<to be read again> 
                   \relax 
l.54 \end{multline}
                   pdfTeX warning (ext4): destination with the same identifier 
(name{equation.1.8}) has been already used, duplicate ignored
<to be read again> 
                   \relax 
l.59 \begin{equation}
                     pdfTeX warning (ext4): destination with the same identifie
r (name{equation.1.8}) has been already used, duplicate ignored
<to be read again> 
                   \relax 
l.59 \begin{equation}
                     pdfTeX warning (ext4): destination with the same identifie
r (name{equation.1.8}) has been already used, duplicate ignored
<to be read again> 
                   \relax 
l.59 \begin{equation}
                     pdfTeX warning (ext4): destination with the same identifie
r (name{equation.1.8}) has been already used, duplicate ignored
<to be read again> 
                   \relax 
l.59 \begin{equation}
                     pdfTeX warning (ext4): destination with the same identifie
r (name{equation.1.9}) has been already used, duplicate ignored
<to be read again> 
                   \relax 
l.64 \begin{equation}
                     pdfTeX warning (ext4): destination with the same identifie
r (name{equation.1.9}) has been already used, duplicate ignored
<to be read again> 
                   \relax 
l.64 \begin{equation}
                     pdfTeX warning (ext4): destination with the same identifie
r (name{equation.1.9}) has been already used, duplicate ignored
<to be read again> 
                   \relax 
l.64 \begin{equation}
                     pdfTeX warning (ext4): destination with the same identifie
r (name{equation.1.9}) has been already used, duplicate ignored
<to be read again> 
                   \relax 
l.64 \begin{equation}
                     
Underfull \hbox (badness 10000) in paragraph at lines 69--70

 []

pdfTeX warning (ext4): destination with the same identifier (name{equation.1.10
}) has been already used, duplicate ignored
<to be read again> 
                   \relax 
l.72 \begin{equation}
                     pdfTeX warning (ext4): destination with the same identifie
r (name{equation.1.10}) has been already used, duplicate ignored
<to be read again> 
                   \relax 
l.72 \begin{equation}
                     pdfTeX warning (ext4): destination with the same identifie
r (name{equation.1.10}) has been already used, duplicate ignored
<to be read again> 
                   \relax 
l.72 \begin{equation}
                     pdfTeX warning (ext4): destination with the same identifie
r (name{equation.1.10}) has been already used, duplicate ignored
<to be read again> 
                   \relax 
l.72 \begin{equation}
                     pdfTeX warning (ext4): destination with the same identifie
r (name{equation.1.11}) has been already used, duplicate ignored
<to be read again> 
                   \relax 
l.82 \end{multline}
                   pdfTeX warning (ext4): destination with the same identifier 
(name{equation.1.12}) has been already used, duplicate ignored
<to be read again> 
                   \relax 
l.87 \begin{equation}
                     pdfTeX warning (ext4): destination with the same identifie
r (name{equation.1.12}) has been already used, duplicate ignored
<to be read again> 
                   \relax 
l.87 \begin{equation}
                     pdfTeX warning (ext4): destination with the same identifie
r (name{equation.1.12}) has been already used, duplicate ignored
<to be read again> 
                   \relax 
l.87 \begin{equation}
                     pdfTeX warning (ext4): destination with the same identifie
r (name{equation.1.12}) has been already used, duplicate ignored
<to be read again> 
                   \relax 
l.87 \begin{equation}
                      [16]pdfTeX warning (ext4): destination with the same iden
tifier (name{equation.1.13}) has been already used, duplicate ignored
<to be read again> 
                   \relax 
l.92 \begin{equation}
                     pdfTeX warning (ext4): destination with the same identifie
r (name{equation.1.13}) has been already used, duplicate ignored
<to be read again> 
                   \relax 
l.92 \begin{equation}
                     pdfTeX warning (ext4): destination with the same identifie
r (name{equation.1.13}) has been already used, duplicate ignored
<to be read again> 
                   \relax 
l.92 \begin{equation}
                     pdfTeX warning (ext4): destination with the same identifie
r (name{equation.1.13}) has been already used, duplicate ignored
<to be read again> 
                   \relax 
l.92 \begin{equation}
                     pdfTeX warning (ext4): destination with the same identifie
r (name{equation.1.14}) has been already used, duplicate ignored
<to be read again> 
                   \relax 
l.98 \begin{equation}
                     pdfTeX warning (ext4): destination with the same identifie
r (name{equation.1.14}) has been already used, duplicate ignored
<to be read again> 
                   \relax 
l.98 \begin{equation}
                     pdfTeX warning (ext4): destination with the same identifie
r (name{equation.1.14}) has been already used, duplicate ignored
<to be read again> 
                   \relax 
l.98 \begin{equation}
                     pdfTeX warning (ext4): destination with the same identifie
r (name{equation.1.14}) has been already used, duplicate ignored
<to be read again> 
                   \relax 
l.98 \begin{equation}
                     pdfTeX warning (ext4): destination with the same identifie
r (name{equation.1.15}) has been already used, duplicate ignored
<to be read again> 
                   \relax 
l.104 \begin{equation}
                      pdfTeX warning (ext4): destination with the same identifi
er (name{equation.1.15}) has been already used, duplicate ignored
<to be read again> 
                   \relax 
l.104 \begin{equation}
                      pdfTeX warning (ext4): destination with the same identifi
er (name{equation.1.15}) has been already used, duplicate ignored
<to be read again> 
                   \relax 
l.104 \begin{equation}
                      pdfTeX warning (ext4): destination with the same identifi
er (name{equation.1.15}) has been already used, duplicate ignored
<to be read again> 
                   \relax 
l.104 \begin{equation}
                      pdfTeX warning (ext4): destination with the same identifi
er (name{equation.1.16}) has been already used, duplicate ignored
<to be read again> 
                   \relax 
l.110 \begin{equation}
                      pdfTeX warning (ext4): destination with the same identifi
er (name{equation.1.16}) has been already used, duplicate ignored
<to be read again> 
                   \relax 
l.110 \begin{equation}
                      pdfTeX warning (ext4): destination with the same identifi
er (name{equation.1.16}) has been already used, duplicate ignored
<to be read again> 
                   \relax 
l.110 \begin{equation}
                      pdfTeX warning (ext4): destination with the same identifi
er (name{equation.1.16}) has been already used, duplicate ignored
<to be read again> 
                   \relax 
l.110 \begin{equation}
                       [17] [18] [19]) (subsection-1-4.texpdfTeX warning (ext4)
: destination with the same identifier (name{equation.1.1}) has been already us
ed, duplicate ignored
<to be read again> 
                   \relax 
l.3 \begin{equation}
                    pdfTeX warning (ext4): destination with the same identifier
 (name{equation.1.1}) has been already used, duplicate ignored
<to be read again> 
                   \relax 
l.3 \begin{equation}
                    pdfTeX warning (ext4): destination with the same identifier
 (name{equation.1.1}) has been already used, duplicate ignored
<to be read again> 
                   \relax 
l.3 \begin{equation}
                    pdfTeX warning (ext4): destination with the same identifier
 (name{equation.1.1}) has been already used, duplicate ignored
<to be read again> 
                   \relax 
l.3 \begin{equation}
                    pdfTeX warning (ext4): destination with the same identifier
 (name{equation.1.2}) has been already used, duplicate ignored
<to be read again> 
                   \relax 
l.8 \begin{equation}
                    pdfTeX warning (ext4): destination with the same identifier
 (name{equation.1.2}) has been already used, duplicate ignored
<to be read again> 
                   \relax 
l.8 \begin{equation}
                    pdfTeX warning (ext4): destination with the same identifier
 (name{equation.1.2}) has been already used, duplicate ignored
<to be read again> 
                   \relax 
l.8 \begin{equation}
                    pdfTeX warning (ext4): destination with the same identifier
 (name{equation.1.2}) has been already used, duplicate ignored
<to be read again> 
                   \relax 
l.8 \begin{equation}
                    pdfTeX warning (ext4): destination with the same identifier
 (name{equation.1.3}) has been already used, duplicate ignored
<to be read again> 
                   \relax 
l.13 \begin{equation}
                     pdfTeX warning (ext4): destination with the same identifie
r (name{equation.1.3}) has been already used, duplicate ignored
<to be read again> 
                   \relax 
l.13 \begin{equation}
                     pdfTeX warning (ext4): destination with the same identifie
r (name{equation.1.3}) has been already used, duplicate ignored
<to be read again> 
                   \relax 
l.13 \begin{equation}
                     pdfTeX warning (ext4): destination with the same identifie
r (name{equation.1.3}) has been already used, duplicate ignored
<to be read again> 
                   \relax 
l.13 \begin{equation}
                     
Underfull \hbox (badness 10000) in paragraph at lines 16--18

 []

pdfTeX warning (ext4): destination with the same identifier (name{equation.1.4}
) has been already used, duplicate ignored
<to be read again> 
                   \relax 
l.20 \begin{equation}
                     pdfTeX warning (ext4): destination with the same identifie
r (name{equation.1.4}) has been already used, duplicate ignored
<to be read again> 
                   \relax 
l.20 \begin{equation}
                     pdfTeX warning (ext4): destination with the same identifie
r (name{equation.1.4}) has been already used, duplicate ignored
<to be read again> 
                   \relax 
l.20 \begin{equation}
                     pdfTeX warning (ext4): destination with the same identifie
r (name{equation.1.4}) has been already used, duplicate ignored
<to be read again> 
                   \relax 
l.20 \begin{equation}
                     pdfTeX warning (ext4): destination with the same identifie
r (name{equation.1.5}) has been already used, duplicate ignored
<to be read again> 
                   \relax 
l.26 \begin{equation}
                     pdfTeX warning (ext4): destination with the same identifie
r (name{equation.1.5}) has been already used, duplicate ignored
<to be read again> 
                   \relax 
l.26 \begin{equation}
                     pdfTeX warning (ext4): destination with the same identifie
r (name{equation.1.5}) has been already used, duplicate ignored
<to be read again> 
                   \relax 
l.26 \begin{equation}
                     pdfTeX warning (ext4): destination with the same identifie
r (name{equation.1.5}) has been already used, duplicate ignored
<to be read again> 
                   \relax 
l.26 \begin{equation}
                      [20]pdfTeX warning (ext4): destination with the same iden
tifier (name{equation.1.6}) has been already used, duplicate ignored
<to be read again> 
                   \relax 
l.31 \begin{equation}
                     pdfTeX warning (ext4): destination with the same identifie
r (name{equation.1.6}) has been already used, duplicate ignored
<to be read again> 
                   \relax 
l.31 \begin{equation}
                     pdfTeX warning (ext4): destination with the same identifie
r (name{equation.1.6}) has been already used, duplicate ignored
<to be read again> 
                   \relax 
l.31 \begin{equation}
                     pdfTeX warning (ext4): destination with the same identifie
r (name{equation.1.6}) has been already used, duplicate ignored
<to be read again> 
                   \relax 
l.31 \begin{equation}
                     pdfTeX warning (ext4): destination with the same identifie
r (name{equation.1.7}) has been already used, duplicate ignored
<to be read again> 
                   \relax 
l.36 \begin{equation}
                     pdfTeX warning (ext4): destination with the same identifie
r (name{equation.1.7}) has been already used, duplicate ignored
<to be read again> 
                   \relax 
l.36 \begin{equation}
                     pdfTeX warning (ext4): destination with the same identifie
r (name{equation.1.7}) has been already used, duplicate ignored
<to be read again> 
                   \relax 
l.36 \begin{equation}
                     pdfTeX warning (ext4): destination with the same identifie
r (name{equation.1.7}) has been already used, duplicate ignored
<to be read again> 
                   \relax 
l.36 \begin{equation}
                     pdfTeX warning (ext4): destination with the same identifie
r (name{equation.1.8}) has been already used, duplicate ignored
<to be read again> 
                   \relax 
l.41 \begin{equation}
                     pdfTeX warning (ext4): destination with the same identifie
r (name{equation.1.8}) has been already used, duplicate ignored
<to be read again> 
                   \relax 
l.41 \begin{equation}
                     pdfTeX warning (ext4): destination with the same identifie
r (name{equation.1.8}) has been already used, duplicate ignored
<to be read again> 
                   \relax 
l.41 \begin{equation}
                     pdfTeX warning (ext4): destination with the same identifie
r (name{equation.1.8}) has been already used, duplicate ignored
<to be read again> 
                   \relax 
l.41 \begin{equation}
                     
Underfull \hbox (badness 10000) in paragraph at lines 44--46

 []

pdfTeX warning (ext4): destination with the same identifier (name{equation.1.9}
) has been already used, duplicate ignored
<to be read again> 
                   \relax 
l.53 \end{multline}
                   pdfTeX warning (ext4): destination with the same identifier 
(name{equation.1.10}) has been already used, duplicate ignored
<to be read again> 
                   \relax 
l.55 \begin{equation}
                     pdfTeX warning (ext4): destination with the same identifie
r (name{equation.1.10}) has been already used, duplicate ignored
<to be read again> 
                   \relax 
l.55 \begin{equation}
                     pdfTeX warning (ext4): destination with the same identifie
r (name{equation.1.10}) has been already used, duplicate ignored
<to be read again> 
                   \relax 
l.55 \begin{equation}
                     pdfTeX warning (ext4): destination with the same identifie
r (name{equation.1.10}) has been already used, duplicate ignored
<to be read again> 
                   \relax 
l.55 \begin{equation}
                     pdfTeX warning (ext4): destination with the same identifie
r (name{equation.1.11}) has been already used, duplicate ignored
<to be read again> 
                   \relax 
l.62 \begin{equation}
                     pdfTeX warning (ext4): destination with the same identifie
r (name{equation.1.11}) has been already used, duplicate ignored
<to be read again> 
                   \relax 
l.62 \begin{equation}
                     pdfTeX warning (ext4): destination with the same identifie
r (name{equation.1.11}) has been already used, duplicate ignored
<to be read again> 
                   \relax 
l.62 \begin{equation}
                     pdfTeX warning (ext4): destination with the same identifie
r (name{equation.1.11}) has been already used, duplicate ignored
<to be read again> 
                   \relax 
l.62 \begin{equation}
                     pdfTeX warning (ext4): destination with the same identifie
r (name{equation.1.12}) has been already used, duplicate ignored
<to be read again> 
                   \relax 
l.67 \begin{equation}
                     pdfTeX warning (ext4): destination with the same identifie
r (name{equation.1.12}) has been already used, duplicate ignored
<to be read again> 
                   \relax 
l.67 \begin{equation}
                     pdfTeX warning (ext4): destination with the same identifie
r (name{equation.1.12}) has been already used, duplicate ignored
<to be read again> 
                   \relax 
l.67 \begin{equation}
                     pdfTeX warning (ext4): destination with the same identifie
r (name{equation.1.12}) has been already used, duplicate ignored
<to be read again> 
                   \relax 
l.67 \begin{equation}
                      [21]pdfTeX warning (ext4): destination with the same iden
tifier (name{equation.1.13}) has been already used, duplicate ignored
<to be read again> 
                   \relax 
l.72 \begin{equation}
                     pdfTeX warning (ext4): destination with the same identifie
r (name{equation.1.13}) has been already used, duplicate ignored
<to be read again> 
                   \relax 
l.72 \begin{equation}
                     pdfTeX warning (ext4): destination with the same identifie
r (name{equation.1.13}) has been already used, duplicate ignored
<to be read again> 
                   \relax 
l.72 \begin{equation}
                     pdfTeX warning (ext4): destination with the same identifie
r (name{equation.1.13}) has been already used, duplicate ignored
<to be read again> 
                   \relax 
l.72 \begin{equation}
                     
Underfull \hbox (badness 10000) in paragraph at lines 75--77

 []

pdfTeX warning (ext4): destination with the same identifier (name{equation.1.14
}) has been already used, duplicate ignored
<to be read again> 
                   \relax 
l.79 \begin{equation}
                     pdfTeX warning (ext4): destination with the same identifie
r (name{equation.1.14}) has been already used, duplicate ignored
<to be read again> 
                   \relax 
l.79 \begin{equation}
                     pdfTeX warning (ext4): destination with the same identifie
r (name{equation.1.14}) has been already used, duplicate ignored
<to be read again> 
                   \relax 
l.79 \begin{equation}
                     pdfTeX warning (ext4): destination with the same identifie
r (name{equation.1.14}) has been already used, duplicate ignored
<to be read again> 
                   \relax 
l.79 \begin{equation}
                     pdfTeX warning (ext4): destination with the same identifie
r (name{equation.1.15}) has been already used, duplicate ignored
<to be read again> 
                   \relax 
l.84 \begin{equation}
                     pdfTeX warning (ext4): destination with the same identifie
r (name{equation.1.15}) has been already used, duplicate ignored
<to be read again> 
                   \relax 
l.84 \begin{equation}
                     pdfTeX warning (ext4): destination with the same identifie
r (name{equation.1.15}) has been already used, duplicate ignored
<to be read again> 
                   \relax 
l.84 \begin{equation}
                     pdfTeX warning (ext4): destination with the same identifie
r (name{equation.1.15}) has been already used, duplicate ignored
<to be read again> 
                   \relax 
l.84 \begin{equation}
                     pdfTeX warning (ext4): destination with the same identifie
r (name{equation.1.16}) has been already used, duplicate ignored
<to be read again> 
                   \relax 
l.89 \begin{equation}
                     pdfTeX warning (ext4): destination with the same identifie
r (name{equation.1.16}) has been already used, duplicate ignored
<to be read again> 
                   \relax 
l.89 \begin{equation}
                     pdfTeX warning (ext4): destination with the same identifie
r (name{equation.1.16}) has been already used, duplicate ignored
<to be read again> 
                   \relax 
l.89 \begin{equation}
                     pdfTeX warning (ext4): destination with the same identifie
r (name{equation.1.16}) has been already used, duplicate ignored
<to be read again> 
                   \relax 
l.89 \begin{equation}
                     pdfTeX warning (ext4): destination with the same identifie
r (name{equation.1.17}) has been already used, duplicate ignored
<to be read again> 
                   \relax 
l.94 \begin{equation}
                     pdfTeX warning (ext4): destination with the same identifie
r (name{equation.1.17}) has been already used, duplicate ignored
<to be read again> 
                   \relax 
l.94 \begin{equation}
                     pdfTeX warning (ext4): destination with the same identifie
r (name{equation.1.17}) has been already used, duplicate ignored
<to be read again> 
                   \relax 
l.94 \begin{equation}
                     pdfTeX warning (ext4): destination with the same identifie
r (name{equation.1.17}) has been already used, duplicate ignored
<to be read again> 
                   \relax 
l.94 \begin{equation}
                     pdfTeX warning (ext4): destination with the same identifie
r (name{equation.1.18}) has been already used, duplicate ignored
<to be read again> 
                   \relax 
l.99 \begin{equation}
                     pdfTeX warning (ext4): destination with the same identifie
r (name{equation.1.18}) has been already used, duplicate ignored
<to be read again> 
                   \relax 
l.99 \begin{equation}
                     pdfTeX warning (ext4): destination with the same identifie
r (name{equation.1.18}) has been already used, duplicate ignored
<to be read again> 
                   \relax 
l.99 \begin{equation}
                     pdfTeX warning (ext4): destination with the same identifie
r (name{equation.1.18}) has been already used, duplicate ignored
<to be read again> 
                   \relax 
l.99 \begin{equation}
                     pdfTeX warning (ext4): destination with the same identifie
r (name{equation.1.19}) has been already used, duplicate ignored
<to be read again> 
                   \relax 
l.106 	\begin{equation}
                       pdfTeX warning (ext4): destination with the same identif
ier (name{equation.1.19}) has been already used, duplicate ignored
<to be read again> 
                   \relax 
l.106 	\begin{equation}
                       pdfTeX warning (ext4): destination with the same identif
ier (name{equation.1.19}) has been already used, duplicate ignored
<to be read again> 
                   \relax 
l.106 	\begin{equation}
                       pdfTeX warning (ext4): destination with the same identif
ier (name{equation.1.19}) has been already used, duplicate ignored
<to be read again> 
                   \relax 
l.106 	\begin{equation}
                        [22]pdfTeX warning (ext4): destination with the same id
entifier (name{equation.1.20}) has been already used, duplicate ignored
<to be read again> 
                   \relax 
l.111 	\begin{equation}
                       pdfTeX warning (ext4): destination with the same identif
ier (name{equation.1.20}) has been already used, duplicate ignored
<to be read again> 
                   \relax 
l.111 	\begin{equation}
                       pdfTeX warning (ext4): destination with the same identif
ier (name{equation.1.20}) has been already used, duplicate ignored
<to be read again> 
                   \relax 
l.111 	\begin{equation}
                       pdfTeX warning (ext4): destination with the same identif
ier (name{equation.1.20}) has been already used, duplicate ignored
<to be read again> 
                   \relax 
l.111 	\begin{equation}
                       pdfTeX warning (ext4): destination with the same identif
ier (name{equation.1.21}) has been already used, duplicate ignored
<to be read again> 
                   \relax 
l.116 	\begin{equation}
                       pdfTeX warning (ext4): destination with the same identif
ier (name{equation.1.21}) has been already used, duplicate ignored
<to be read again> 
                   \relax 
l.116 	\begin{equation}
                       pdfTeX warning (ext4): destination with the same identif
ier (name{equation.1.21}) has been already used, duplicate ignored
<to be read again> 
                   \relax 
l.116 	\begin{equation}
                       pdfTeX warning (ext4): destination with the same identif
ier (name{equation.1.21}) has been already used, duplicate ignored
<to be read again> 
                   \relax 
l.116 	\begin{equation}
                       pdfTeX warning (ext4): destination with the same identif
ier (name{equation.1.22}) has been already used, duplicate ignored
<to be read again> 
                   \relax 
l.121 	\begin{equation}
                       pdfTeX warning (ext4): destination with the same identif
ier (name{equation.1.22}) has been already used, duplicate ignored
<to be read again> 
                   \relax 
l.121 	\begin{equation}
                       pdfTeX warning (ext4): destination with the same identif
ier (name{equation.1.22}) has been already used, duplicate ignored
<to be read again> 
                   \relax 
l.121 	\begin{equation}
                       pdfTeX warning (ext4): destination with the same identif
ier (name{equation.1.22}) has been already used, duplicate ignored
<to be read again> 
                   \relax 
l.121 	\begin{equation}
                        [23] [24])
Package atveryend Info: Empty hook `BeforeClearDocument' on input line 72.
 [25]
Package atveryend Info: Empty hook `AfterLastShipout' on input line 72.
 (main.aux)
Package atveryend Info: Executing hook `AtVeryEndDocument' on input line 72.
Package atveryend Info: Executing hook `AtEndAfterFileList' on input line 72.
Package rerunfilecheck Info: File `main.out' has not changed.
(rerunfilecheck)             Checksum: F2F8D253E6EBC2993A4B6F49DAE57B40;5026.


LaTeX Warning: There were multiply-defined labels.

Package atveryend Info: Empty hook `AtVeryVeryEnd' on input line 72.
 ) 
Here is how much of TeX's memory you used:
 11074 strings out of 492969
 149824 string characters out of 3135813
 250564 words of memory out of 3000000
 14634 multiletter control sequences out of 15000+200000
 19740 words of font info for 54 fonts, out of 3000000 for 9000
 1141 hyphenation exceptions out of 8191
 28i,10n,35p,864b,545s stack positions out of 5000i,500n,10000p,200000b,50000s
 <C:\Users\NikitaSkybytskyi\AppData\Local\MiKTeX\2.9\fonts\pk\ljfour\lh\lh-t2
a\dpi600\larm0800.pk> <C:\Users\NikitaSkybytskyi\AppData\Local\MiKTeX\2.9\fonts
\pk\ljfour\lh\lh-t2a\dpi600\labx1440.pk> <C:\Users\NikitaSkybytskyi\AppData\Loc
al\MiKTeX\2.9\fonts\pk\ljfour\lh\lh-t2a\dpi600\labx1200.pk> <C:\Users\NikitaSky
bytskyi\AppData\Local\MiKTeX\2.9\fonts\pk\ljfour\lh\lh-t2a\dpi600\labx1728.pk> 
<C:\Users\NikitaSkybytskyi\AppData\Local\MiKTeX\2.9\fonts\pk\ljfour\lh\lh-t2a\d
pi600\larm1200.pk> <C:\Users\NikitaSkybytskyi\AppData\Local\MiKTeX\2.9\fonts\pk
\ljfour\lh\lh-t2a\dpi600\larm1440.pk> <C:\Users\NikitaSkybytskyi\AppData\Local\
MiKTeX\2.9\fonts\pk\ljfour\lh\lh-t2a\dpi600\larm2488.pk><C:/Program Files/MiKTe
X 2.9/fonts/type1/public/amsfonts/cm/cmex10.pfb><C:/Program Files/MiKTeX 2.9/fo
nts/type1/public/amsfonts/cm/cmmi12.pfb><C:/Program Files/MiKTeX 2.9/fonts/type
1/public/amsfonts/cm/cmmi8.pfb><C:/Program Files/MiKTeX 2.9/fonts/type1/public/
amsfonts/cm/cmr12.pfb><C:/Program Files/MiKTeX 2.9/fonts/type1/public/amsfonts/
cm/cmr6.pfb><C:/Program Files/MiKTeX 2.9/fonts/type1/public/amsfonts/cm/cmr8.pf
b><C:/Program Files/MiKTeX 2.9/fonts/type1/public/amsfonts/cm/cmsy10.pfb><C:/Pr
ogram Files/MiKTeX 2.9/fonts/type1/public/amsfonts/cm/cmsy8.pfb>
Output written on main.pdf (25 pages, 274183 bytes).
PDF statistics:
 713 PDF objects out of 1000 (max. 8388607)
 190 named destinations out of 1000 (max. 500000)
 145 words of extra memory for PDF output out of 10000 (max. 10000000)

